Current working directory is:  pwd
Galaxsee-v2.c-mpi: nbody.c:998: setupWindow: Assertion `dpy_x11' failed.
Galaxsee-v2.c-mpi: nbody.c:998: setupWindow: Assertion `dpy_x11' failed.
Galaxsee-v2.c-mpi: nbody.c:998: setupWindow: Assertion `dpy_x11' failed.
Galaxsee-v2.c-mpi: nbody.c:998: setupWindow: Assertion `dpy_x11' failed.
Galaxsee-v2.c-mpi: nbody.c:998: setupWindow: Assertion `dpy_x11' failed.
Galaxsee-v2.c-mpi: nbody.c:998: setupWindow: Assertion `dpy_x11' failed.
Galaxsee-v2.c-mpi: nbody.c:998: setupWindow: Assertion `dpy_x11' failed.
Galaxsee-v2.c-mpi: nbody.c:998: setupWindow: Assertion `dpy_x11' failed.
USAGE: galaxsee [filename]
USAGE:     if no filename is entered input is assumed to be stdin
Model Summary
N = 1000
TFINAL = 500.000000
TIMESTEP = 0.500000
INITIAL_V = 0.000000
ROTATION_FACTOR = 0.000000
DRAG_COEFFICIENT = 0.000000
SCALE = 500.000000
MASS = 200000.000000
G = 0.004490
EXPANSION = 0.000000
INT_METHOD = 1
FORCE_METHOD = 3
TREE_RANGE_COEFFICIENT = 2.000000
NGRID = 32
KSIGMA = 2.000000
KNEAR = 1.000000
DISTRIBUTION = 2
DISTRIBUTION_Z_SCALE = 1.000000
ANISOTROPY = 0.010000
POINTSIZE = 0.020000
SRAD_FAC = 5.000000
SOFT_FAC = 0.000000
MPI_SIZE = 1
FILE_PREFIX = out_pppm
DELAY = 0
SEED = TIME BASED
Galaxsee-v2.c-mpi: nbody.c:998: setupWindow: Assertion `dpy_x11' failed.
USAGE: galaxsee [filename]
USAGE:     if no filename is entered input is assumed to be stdin
Model Summary
N = 1000
TFINAL = 500.000000
TIMESTEP = 0.500000
INITIAL_V = 0.000000
ROTATION_FACTOR = 0.000000
DRAG_COEFFICIENT = 0.000000
SCALE = 500.000000
MASS = 200000.000000
G = 0.004490
EXPANSION = 0.000000
INT_METHOD = 1
FORCE_METHOD = 3
TREE_RANGE_COEFFICIENT = 2.000000
NGRID = 32
KSIGMA = 2.000000
KNEAR = 1.000000
DISTRIBUTION = 2
DISTRIBUTION_Z_SCALE = 1.000000
ANISOTROPY = 0.010000
POINTSIZE = 0.020000
SRAD_FAC = 5.000000
SOFT_FAC = 0.000000
MPI_SIZE = 1
FILE_PREFIX = out_pppm
DELAY = 0
SEED = TIME BASED
USAGE: galaxsee [filename]
USAGE:     if no filename is entered input is assumed to be stdin
Model Summary
N = 1000
TFINAL = 500.000000
TIMESTEP = 0.500000
INITIAL_V = 0.000000
ROTATION_FACTOR = 0.000000
DRAG_COEFFICIENT = 0.000000
SCALE = 500.000000
MASS = 200000.000000
G = 0.004490
EXPANSION = 0.000000
INT_METHOD = 1
FORCE_METHOD = 3
TREE_RANGE_COEFFICIENT = 2.000000
NGRID = 32
KSIGMA = 2.000000
KNEAR = 1.000000
DISTRIBUTION = 2
DISTRIBUTION_Z_SCALE = 1.000000
ANISOTROPY = 0.010000
POINTSIZE = 0.020000
SRAD_FAC = 5.000000
SOFT_FAC = 0.000000
MPI_SIZE = 1
FILE_PREFIX = out_pppm
DELAY = 0
SEED = TIME BASED
USAGE: galaxsee [filename]
USAGE:     if no filename is entered input is assumed to be stdin
Model Summary
N = 1000
TFINAL = 500.000000
TIMESTEP = 0.500000
INITIAL_V = 0.000000
ROTATION_FACTOR = 0.000000
DRAG_COEFFICIENT = 0.000000
SCALE = 500.000000
MASS = 200000.000000
G = 0.004490
EXPANSION = 0.000000
INT_METHOD = 1
FORCE_METHOD = 3
TREE_RANGE_COEFFICIENT = 2.000000
NGRID = 32
KSIGMA = 2.000000
KNEAR = 1.000000
DISTRIBUTION = 2
DISTRIBUTION_Z_SCALE = 1.000000
ANISOTROPY = 0.010000
POINTSIZE = 0.020000
SRAD_FAC = 5.000000
SOFT_FAC = 0.000000
MPI_SIZE = 1
FILE_PREFIX = out_pppm
DELAY = 0
SEED = TIME BASED
Galaxsee-v2.c-mpi: nbody.c:998: setupWindow: Assertion `dpy_x11' failed.
USAGE: galaxsee [filename]
USAGE:     if no filename is entered input is assumed to be stdin
Model Summary
N = 1000
TFINAL = 500.000000
TIMESTEP = 0.500000
INITIAL_V = 0.000000
ROTATION_FACTOR = 0.000000
DRAG_COEFFICIENT = 0.000000
SCALE = 500.000000
MASS = 200000.000000
G = 0.004490
EXPANSION = 0.000000
INT_METHOD = 1
FORCE_METHOD = 3
TREE_RANGE_COEFFICIENT = 2.000000
NGRID = 32
KSIGMA = 2.000000
KNEAR = 1.000000
DISTRIBUTION = 2
DISTRIBUTION_Z_SCALE = 1.000000
ANISOTROPY = 0.010000
POINTSIZE = 0.020000
SRAD_FAC = 5.000000
SOFT_FAC = 0.000000
MPI_SIZE = 1
FILE_PREFIX = out_pppm
DELAY = 0
SEED = TIME BASED
Galaxsee-v2.c-mpi: nbody.c:998: setupWindow: Assertion `dpy_x11' failed.
USAGE: galaxsee [filename]
USAGE:     if no filename is entered input is assumed to be stdin
Model Summary
N = 1000
TFINAL = 500.000000
TIMESTEP = 0.500000
INITIAL_V = 0.000000
ROTATION_FACTOR = 0.000000
DRAG_COEFFICIENT = 0.000000
SCALE = 500.000000
MASS = 200000.000000
G = 0.004490
EXPANSION = 0.000000
INT_METHOD = 1
FORCE_METHOD = 3
TREE_RANGE_COEFFICIENT = 2.000000
NGRID = 32
KSIGMA = 2.000000
KNEAR = 1.000000
DISTRIBUTION = 2
DISTRIBUTION_Z_SCALE = 1.000000
ANISOTROPY = 0.010000
POINTSIZE = 0.020000
SRAD_FAC = 5.000000
SOFT_FAC = 0.000000
MPI_SIZE = 1
FILE_PREFIX = out_pppm
DELAY = 0
SEED = TIME BASED
Galaxsee-v2.c-mpi: nbody.c:998: setupWindow: Assertion `dpy_x11' failed.
USAGE: galaxsee [filename]
USAGE:     if no filename is entered input is assumed to be stdin
Model Summary
N = 1000
TFINAL = 500.000000
TIMESTEP = 0.500000
INITIAL_V = 0.000000
ROTATION_FACTOR = 0.000000
DRAG_COEFFICIENT = 0.000000
SCALE = 500.000000
MASS = 200000.000000
G = 0.004490
EXPANSION = 0.000000
INT_METHOD = 1
FORCE_METHOD = 3
TREE_RANGE_COEFFICIENT = 2.000000
NGRID = 32
KSIGMA = 2.000000
KNEAR = 1.000000
DISTRIBUTION = 2
DISTRIBUTION_Z_SCALE = 1.000000
ANISOTROPY = 0.010000
POINTSIZE = 0.020000
SRAD_FAC = 5.000000
SOFT_FAC = 0.000000
MPI_SIZE = 1
FILE_PREFIX = out_pppm
DELAY = 0
SEED = TIME BASED
Galaxsee-v2.c-mpi: nbody.c:998: setupWindow: Assertion `dpy_x11' failed.
USAGE: galaxsee [filename]
USAGE:     if no filename is entered input is assumed to be stdin
Model Summary
N = 1000
TFINAL = 500.000000
TIMESTEP = 0.500000
INITIAL_V = 0.000000
ROTATION_FACTOR = 0.000000
DRAG_COEFFICIENT = 0.000000
SCALE = 500.000000
MASS = 200000.000000
G = 0.004490
EXPANSION = 0.000000
INT_METHOD = 1
FORCE_METHOD = 3
TREE_RANGE_COEFFICIENT = 2.000000
NGRID = 32
KSIGMA = 2.000000
KNEAR = 1.000000
DISTRIBUTION = 2
DISTRIBUTION_Z_SCALE = 1.000000
ANISOTROPY = 0.010000
POINTSIZE = 0.020000
SRAD_FAC = 5.000000
SOFT_FAC = 0.000000
MPI_SIZE = 1
FILE_PREFIX = out_pppm
DELAY = 0
SEED = TIME BASED
Galaxsee-v2.c-mpi: nbody.c:998: setupWindow: Assertion `dpy_x11' failed.
Galaxsee-v2.c-mpi: nbody.c:998: setupWindow: Assertion `dpy_x11' failed.
USAGE: galaxsee [filename]
USAGE:     if no filename is entered input is assumed to be stdin
Model Summary
N = 1000
TFINAL = 500.000000
TIMESTEP = 0.500000
INITIAL_V = 0.000000
ROTATION_FACTOR = 0.000000
DRAG_COEFFICIENT = 0.000000
SCALE = 500.000000
MASS = 200000.000000
G = 0.004490
EXPANSION = 0.000000
INT_METHOD = 1
FORCE_METHOD = 3
TREE_RANGE_COEFFICIENT = 2.000000
NGRID = 32
KSIGMA = 2.000000
KNEAR = 1.000000
DISTRIBUTION = 2
DISTRIBUTION_Z_SCALE = 1.000000
ANISOTROPY = 0.010000
POINTSIZE = 0.020000
SRAD_FAC = 5.000000
SOFT_FAC = 0.000000
MPI_SIZE = 1
FILE_PREFIX = out_pppm
DELAY = 0
SEED = TIME BASED
USAGE: galaxsee [filename]
USAGE:     if no filename is entered input is assumed to be stdin
Model Summary
N = 1000
TFINAL = 500.000000
TIMESTEP = 0.500000
INITIAL_V = 0.000000
ROTATION_FACTOR = 0.000000
DRAG_COEFFICIENT = 0.000000
SCALE = 500.000000
MASS = 200000.000000
G = 0.004490
EXPANSION = 0.000000
INT_METHOD = 1
FORCE_METHOD = 3
TREE_RANGE_COEFFICIENT = 2.000000
NGRID = 32
KSIGMA = 2.000000
KNEAR = 1.000000
DISTRIBUTION = 2
DISTRIBUTION_Z_SCALE = 1.000000
ANISOTROPY = 0.010000
POINTSIZE = 0.020000
SRAD_FAC = 5.000000
SOFT_FAC = 0.000000
MPI_SIZE = 1
FILE_PREFIX = out_pppm
DELAY = 0
SEED = TIME BASED
Galaxsee-v2.c-mpi: nbody.c:998: setupWindow: Assertion `dpy_x11' failed.
USAGE: galaxsee [filename]
USAGE:     if no filename is entered input is assumed to be stdin
Model Summary
N = 1000
TFINAL = 500.000000
TIMESTEP = 0.500000
INITIAL_V = 0.000000
ROTATION_FACTOR = 0.000000
DRAG_COEFFICIENT = 0.000000
SCALE = 500.000000
MASS = 200000.000000
G = 0.004490
EXPANSION = 0.000000
INT_METHOD = 1
FORCE_METHOD = 3
TREE_RANGE_COEFFICIENT = 2.000000
NGRID = 32
KSIGMA = 2.000000
KNEAR = 1.000000
DISTRIBUTION = 2
DISTRIBUTION_Z_SCALE = 1.000000
ANISOTROPY = 0.010000
POINTSIZE = 0.020000
SRAD_FAC = 5.000000
SOFT_FAC = 0.000000
MPI_SIZE = 1
FILE_PREFIX = out_pppm
DELAY = 0
SEED = TIME BASED
USAGE: galaxsee [filename]
USAGE:     if no filename is entered input is assumed to be stdin
Model Summary
N = 1000
TFINAL = 500.000000
TIMESTEP = 0.500000
INITIAL_V = 0.000000
ROTATION_FACTOR = 0.000000
DRAG_COEFFICIENT = 0.000000
SCALE = 500.000000
MASS = 200000.000000
G = 0.004490
EXPANSION = 0.000000
INT_METHOD = 1
FORCE_METHOD = 3
TREE_RANGE_COEFFICIENT = 2.000000
NGRID = 32
KSIGMA = 2.000000
KNEAR = 1.000000
DISTRIBUTION = 2
DISTRIBUTION_Z_SCALE = 1.000000
ANISOTROPY = 0.010000
POINTSIZE = 0.020000
SRAD_FAC = 5.000000
SOFT_FAC = 0.000000
MPI_SIZE = 1
FILE_PREFIX = out_pppm
DELAY = 0
SEED = TIME BASED
USAGE: galaxsee [filename]
USAGE:     if no filename is entered input is assumed to be stdin
Model Summary
N = 1000
TFINAL = 500.000000
TIMESTEP = 0.500000
INITIAL_V = 0.000000
ROTATION_FACTOR = 0.000000
DRAG_COEFFICIENT = 0.000000
SCALE = 500.000000
MASS = 200000.000000
G = 0.004490
EXPANSION = 0.000000
INT_METHOD = 1
FORCE_METHOD = 3
TREE_RANGE_COEFFICIENT = 2.000000
NGRID = 32
KSIGMA = 2.000000
KNEAR = 1.000000
DISTRIBUTION = 2
DISTRIBUTION_Z_SCALE = 1.000000
ANISOTROPY = 0.010000
POINTSIZE = 0.020000
SRAD_FAC = 5.000000
SOFT_FAC = 0.000000
MPI_SIZE = 1
FILE_PREFIX = out_pppm
DELAY = 0
SEED = TIME BASED
USAGE: galaxsee [filename]
USAGE:     if no filename is entered input is assumed to be stdin
Model Summary
N = 1000
TFINAL = 500.000000
TIMESTEP = 0.500000
INITIAL_V = 0.000000
ROTATION_FACTOR = 0.000000
DRAG_COEFFICIENT = 0.000000
SCALE = 500.000000
MASS = 200000.000000
G = 0.004490
EXPANSION = 0.000000
INT_METHOD = 1
FORCE_METHOD = 3
TREE_RANGE_COEFFICIENT = 2.000000
NGRID = 32
KSIGMA = 2.000000
KNEAR = 1.000000
DISTRIBUTION = 2
DISTRIBUTION_Z_SCALE = 1.000000
ANISOTROPY = 0.010000
POINTSIZE = 0.020000
SRAD_FAC = 5.000000
SOFT_FAC = 0.000000
MPI_SIZE = 1
FILE_PREFIX = out_pppm
DELAY = 0
SEED = TIME BASED
USAGE: galaxsee [filename]
USAGE:     if no filename is entered input is assumed to be stdin
Model Summary
N = 1000
TFINAL = 500.000000
TIMESTEP = 0.500000
INITIAL_V = 0.000000
ROTATION_FACTOR = 0.000000
DRAG_COEFFICIENT = 0.000000
SCALE = 500.000000
MASS = 200000.000000
G = 0.004490
EXPANSION = 0.000000
INT_METHOD = 1
FORCE_METHOD = 3
TREE_RANGE_COEFFICIENT = 2.000000
NGRID = 32
KSIGMA = 2.000000
KNEAR = 1.000000
DISTRIBUTION = 2
DISTRIBUTION_Z_SCALE = 1.000000
ANISOTROPY = 0.010000
POINTSIZE = 0.020000
SRAD_FAC = 5.000000
SOFT_FAC = 0.000000
MPI_SIZE = 1
FILE_PREFIX = out_pppm
DELAY = 0
SEED = TIME BASED
USAGE: galaxsee [filename]
USAGE:     if no filename is entered input is assumed to be stdin
Model Summary
N = 1000
TFINAL = 500.000000
TIMESTEP = 0.500000
INITIAL_V = 0.000000
ROTATION_FACTOR = 0.000000
DRAG_COEFFICIENT = 0.000000
SCALE = 500.000000
MASS = 200000.000000
G = 0.004490
EXPANSION = 0.000000
INT_METHOD = 1
FORCE_METHOD = 3
TREE_RANGE_COEFFICIENT = 2.000000
NGRID = 32
KSIGMA = 2.000000
KNEAR = 1.000000
DISTRIBUTION = 2
DISTRIBUTION_Z_SCALE = 1.000000
ANISOTROPY = 0.010000
POINTSIZE = 0.020000
SRAD_FAC = 5.000000
SOFT_FAC = 0.000000
MPI_SIZE = 1
FILE_PREFIX = out_pppm
DELAY = 0
SEED = TIME BASED
srun: error: cdr1468: tasks 8-10,13-14: Aborted (core dumped)
srun: Terminating job step 45566306.0
srun: error: cdr1467: tasks 1,3-6: Aborted (core dumped)
slurmstepd: error: *** STEP 45566306.0 ON cdr1467 CANCELLED AT 2020-07-07T04:48:12 ***
srun: error: cdr1468: tasks 11-12,15: Aborted (core dumped)
srun: error: cdr1467: tasks 0,2,7: Aborted (core dumped)

real	0m2.631s
user	0m0.148s
sys	0m0.029s
