Current working directory is:  pwd
USAGE: galaxsee [filename]
USAGE:     if no filename is entered input is assumed to be stdin
Model Summary
N = 1000
TFINAL = 500.000000
TIMESTEP = 0.500000
INITIAL_V = 0.000000
ROTATION_FACTOR = 0.000000
DRAG_COEFFICIENT = 0.000000
SCALE = 500.000000
MASS = 200000.000000
G = 0.004490
EXPANSION = 0.000000
INT_METHOD = 1
FORCE_METHOD = 3
TREE_RANGE_COEFFICIENT = 2.000000
NGRID = 32
KSIGMA = 2.000000
KNEAR = 1.000000
DISTRIBUTION = 2
DISTRIBUTION_Z_SCALE = 1.000000
ANISOTROPY = 0.010000
POINTSIZE = 0.020000
SRAD_FAC = 5.000000
SOFT_FAC = 0.000000
MPI_SIZE = 1
FILE_PREFIX = out_pppm
DELAY = 0
SEED = TIME BASED

Wall Time Elapsed =        0 seconds
Time in Force Calculation, root node =        0 seconds
USAGE: galaxsee [filename]
USAGE:     if no filename is entered input is assumed to be stdin
Model Summary
N = 1000
TFINAL = 500.000000
TIMESTEP = 0.500000
INITIAL_V = 0.000000
ROTATION_FACTOR = 0.000000
DRAG_COEFFICIENT = 0.000000
SCALE = 500.000000
MASS = 200000.000000
G = 0.004490
EXPANSION = 0.000000
INT_METHOD = 1
FORCE_METHOD = 3
TREE_RANGE_COEFFICIENT = 2.000000
NGRID = 32
KSIGMA = 2.000000
KNEAR = 1.000000
DISTRIBUTION = 2
DISTRIBUTION_Z_SCALE = 1.000000
ANISOTROPY = 0.010000
POINTSIZE = 0.020000
SRAD_FAC = 5.000000
SOFT_FAC = 0.000000
MPI_SIZE = 1
FILE_PREFIX = out_pppm
DELAY = 0
SEED = TIME BASED

Wall Time Elapsed =        0 seconds
Time in Force Calculation, root node =        0 seconds
USAGE: galaxsee [filename]
USAGE:     if no filename is entered input is assumed to be stdin
Model Summary
N = 1000
TFINAL = 500.000000
TIMESTEP = 0.500000
INITIAL_V = 0.000000
ROTATION_FACTOR = 0.000000
DRAG_COEFFICIENT = 0.000000
SCALE = 500.000000
MASS = 200000.000000
G = 0.004490
EXPANSION = 0.000000
INT_METHOD = 1
FORCE_METHOD = 3
TREE_RANGE_COEFFICIENT = 2.000000
NGRID = 32
KSIGMA = 2.000000
KNEAR = 1.000000
DISTRIBUTION = 2
DISTRIBUTION_Z_SCALE = 1.000000
ANISOTROPY = 0.010000
POINTSIZE = 0.020000
SRAD_FAC = 5.000000
SOFT_FAC = 0.000000
MPI_SIZE = 1
FILE_PREFIX = out_pppm
DELAY = 0
SEED = TIME BASED

Wall Time Elapsed =        0 seconds
Time in Force Calculation, root node =        0 seconds
USAGE: galaxsee [filename]
USAGE:     if no filename is entered input is assumed to be stdin
Model Summary
N = 1000
TFINAL = 500.000000
TIMESTEP = 0.500000
INITIAL_V = 0.000000
ROTATION_FACTOR = 0.000000
DRAG_COEFFICIENT = 0.000000
SCALE = 500.000000
MASS = 200000.000000
G = 0.004490
EXPANSION = 0.000000
INT_METHOD = 1
FORCE_METHOD = 3
TREE_RANGE_COEFFICIENT = 2.000000
NGRID = 32
KSIGMA = 2.000000
KNEAR = 1.000000
DISTRIBUTION = 2
DISTRIBUTION_Z_SCALE = 1.000000
ANISOTROPY = 0.010000
POINTSIZE = 0.020000
SRAD_FAC = 5.000000
SOFT_FAC = 0.000000
MPI_SIZE = 1
FILE_PREFIX = out_pppm
DELAY = 0
SEED = TIME BASED

Wall Time Elapsed =        0 seconds
Time in Force Calculation, root node =        0 seconds
USAGE: galaxsee [filename]
USAGE:     if no filename is entered input is assumed to be stdin
Model Summary
N = 1000
TFINAL = 500.000000
TIMESTEP = 0.500000
INITIAL_V = 0.000000
ROTATION_FACTOR = 0.000000
DRAG_COEFFICIENT = 0.000000
SCALE = 500.000000
MASS = 200000.000000
G = 0.004490
EXPANSION = 0.000000
INT_METHOD = 1
FORCE_METHOD = 3
TREE_RANGE_COEFFICIENT = 2.000000
NGRID = 32
KSIGMA = 2.000000
KNEAR = 1.000000
DISTRIBUTION = 2
DISTRIBUTION_Z_SCALE = 1.000000
ANISOTROPY = 0.010000
POINTSIZE = 0.020000
SRAD_FAC = 5.000000
SOFT_FAC = 0.000000
MPI_SIZE = 1
FILE_PREFIX = out_pppm
DELAY = 0
SEED = TIME BASED

Wall Time Elapsed =        0 seconds
Time in Force Calculation, root node =        0 seconds
USAGE: galaxsee [filename]
USAGE:     if no filename is entered input is assumed to be stdin
Model Summary
N = 1000
TFINAL = 500.000000
TIMESTEP = 0.500000
INITIAL_V = 0.000000
ROTATION_FACTOR = 0.000000
DRAG_COEFFICIENT = 0.000000
SCALE = 500.000000
MASS = 200000.000000
G = 0.004490
EXPANSION = 0.000000
INT_METHOD = 1
FORCE_METHOD = 3
TREE_RANGE_COEFFICIENT = 2.000000
NGRID = 32
KSIGMA = 2.000000
KNEAR = 1.000000
DISTRIBUTION = 2
DISTRIBUTION_Z_SCALE = 1.000000
ANISOTROPY = 0.010000
POINTSIZE = 0.020000
SRAD_FAC = 5.000000
SOFT_FAC = 0.000000
MPI_SIZE = 1
FILE_PREFIX = out_pppm
DELAY = 0
SEED = TIME BASED

Wall Time Elapsed =        0 seconds
Time in Force Calculation, root node =        0 seconds
USAGE: galaxsee [filename]
USAGE:     if no filename is entered input is assumed to be stdin
Model Summary
N = 1000
TFINAL = 500.000000
TIMESTEP = 0.500000
INITIAL_V = 0.000000
ROTATION_FACTOR = 0.000000
DRAG_COEFFICIENT = 0.000000
SCALE = 500.000000
MASS = 200000.000000
G = 0.004490
EXPANSION = 0.000000
INT_METHOD = 1
FORCE_METHOD = 3
TREE_RANGE_COEFFICIENT = 2.000000
NGRID = 32
KSIGMA = 2.000000
KNEAR = 1.000000
DISTRIBUTION = 2
DISTRIBUTION_Z_SCALE = 1.000000
ANISOTROPY = 0.010000
POINTSIZE = 0.020000
SRAD_FAC = 5.000000
SOFT_FAC = 0.000000
MPI_SIZE = 1
FILE_PREFIX = out_pppm
DELAY = 0
SEED = TIME BASED

Wall Time Elapsed =        0 seconds
Time in Force Calculation, root node =        0 seconds
USAGE: galaxsee [filename]
USAGE:     if no filename is entered input is assumed to be stdin
Model Summary
N = 1000
TFINAL = 500.000000
TIMESTEP = 0.500000
INITIAL_V = 0.000000
ROTATION_FACTOR = 0.000000
DRAG_COEFFICIENT = 0.000000
SCALE = 500.000000
MASS = 200000.000000
G = 0.004490
EXPANSION = 0.000000
INT_METHOD = 1
FORCE_METHOD = 3
TREE_RANGE_COEFFICIENT = 2.000000
NGRID = 32
KSIGMA = 2.000000
KNEAR = 1.000000
DISTRIBUTION = 2
DISTRIBUTION_Z_SCALE = 1.000000
ANISOTROPY = 0.010000
POINTSIZE = 0.020000
SRAD_FAC = 5.000000
SOFT_FAC = 0.000000
MPI_SIZE = 1
FILE_PREFIX = out_pppm
DELAY = 0
SEED = TIME BASED

Wall Time Elapsed =        0 seconds
Time in Force Calculation, root node =        0 seconds
USAGE: galaxsee [filename]
USAGE:     if no filename is entered input is assumed to be stdin
Model Summary
N = 1000
TFINAL = 500.000000
TIMESTEP = 0.500000
INITIAL_V = 0.000000
ROTATION_FACTOR = 0.000000
DRAG_COEFFICIENT = 0.000000
SCALE = 500.000000
MASS = 200000.000000
G = 0.004490
EXPANSION = 0.000000
INT_METHOD = 1
FORCE_METHOD = 3
TREE_RANGE_COEFFICIENT = 2.000000
NGRID = 32
KSIGMA = 2.000000
KNEAR = 1.000000
DISTRIBUTION = 2
DISTRIBUTION_Z_SCALE = 1.000000
ANISOTROPY = 0.010000
POINTSIZE = 0.020000
SRAD_FAC = 5.000000
SOFT_FAC = 0.000000
MPI_SIZE = 1
FILE_PREFIX = out_pppm
DELAY = 0
SEED = TIME BASED

Wall Time Elapsed =        0 seconds
Time in Force Calculation, root node =        0 seconds
USAGE: galaxsee [filename]
USAGE:     if no filename is entered input is assumed to be stdin
Model Summary
N = 1000
TFINAL = 500.000000
TIMESTEP = 0.500000
INITIAL_V = 0.000000
ROTATION_FACTOR = 0.000000
DRAG_COEFFICIENT = 0.000000
SCALE = 500.000000
MASS = 200000.000000
G = 0.004490
EXPANSION = 0.000000
INT_METHOD = 1
FORCE_METHOD = 3
TREE_RANGE_COEFFICIENT = 2.000000
NGRID = 32
KSIGMA = 2.000000
KNEAR = 1.000000
DISTRIBUTION = 2
DISTRIBUTION_Z_SCALE = 1.000000
ANISOTROPY = 0.010000
POINTSIZE = 0.020000
SRAD_FAC = 5.000000
SOFT_FAC = 0.000000
MPI_SIZE = 1
FILE_PREFIX = out_pppm
DELAY = 0
SEED = TIME BASED

Wall Time Elapsed =        0 seconds
Time in Force Calculation, root node =        0 seconds
USAGE: galaxsee [filename]
USAGE:     if no filename is entered input is assumed to be stdin
Model Summary
N = 1000
TFINAL = 500.000000
TIMESTEP = 0.500000
INITIAL_V = 0.000000
ROTATION_FACTOR = 0.000000
DRAG_COEFFICIENT = 0.000000
SCALE = 500.000000
MASS = 200000.000000
G = 0.004490
EXPANSION = 0.000000
INT_METHOD = 1
FORCE_METHOD = 3
TREE_RANGE_COEFFICIENT = 2.000000
NGRID = 32
KSIGMA = 2.000000
KNEAR = 1.000000
DISTRIBUTION = 2
DISTRIBUTION_Z_SCALE = 1.000000
ANISOTROPY = 0.010000
POINTSIZE = 0.020000
SRAD_FAC = 5.000000
SOFT_FAC = 0.000000
MPI_SIZE = 1
FILE_PREFIX = out_pppm
DELAY = 0
SEED = TIME BASED

Wall Time Elapsed =        0 seconds
Time in Force Calculation, root node =        0 seconds
USAGE: galaxsee [filename]
USAGE:     if no filename is entered input is assumed to be stdin
Model Summary
N = 1000
TFINAL = 500.000000
TIMESTEP = 0.500000
INITIAL_V = 0.000000
ROTATION_FACTOR = 0.000000
DRAG_COEFFICIENT = 0.000000
SCALE = 500.000000
MASS = 200000.000000
G = 0.004490
EXPANSION = 0.000000
INT_METHOD = 1
FORCE_METHOD = 3
TREE_RANGE_COEFFICIENT = 2.000000
NGRID = 32
KSIGMA = 2.000000
KNEAR = 1.000000
DISTRIBUTION = 2
DISTRIBUTION_Z_SCALE = 1.000000
ANISOTROPY = 0.010000
POINTSIZE = 0.020000
SRAD_FAC = 5.000000
SOFT_FAC = 0.000000
MPI_SIZE = 1
FILE_PREFIX = out_pppm
DELAY = 0
SEED = TIME BASED

Wall Time Elapsed =        0 seconds
Time in Force Calculation, root node =        0 seconds
USAGE: galaxsee [filename]
USAGE:     if no filename is entered input is assumed to be stdin
Model Summary
N = 1000
TFINAL = 500.000000
TIMESTEP = 0.500000
INITIAL_V = 0.000000
ROTATION_FACTOR = 0.000000
DRAG_COEFFICIENT = 0.000000
SCALE = 500.000000
MASS = 200000.000000
G = 0.004490
EXPANSION = 0.000000
INT_METHOD = 1
FORCE_METHOD = 3
TREE_RANGE_COEFFICIENT = 2.000000
NGRID = 32
KSIGMA = 2.000000
KNEAR = 1.000000
DISTRIBUTION = 2
DISTRIBUTION_Z_SCALE = 1.000000
ANISOTROPY = 0.010000
POINTSIZE = 0.020000
SRAD_FAC = 5.000000
SOFT_FAC = 0.000000
MPI_SIZE = 1
FILE_PREFIX = out_pppm
DELAY = 0
SEED = TIME BASED

Wall Time Elapsed =        0 seconds
Time in Force Calculation, root node =        0 seconds
USAGE: galaxsee [filename]
USAGE:     if no filename is entered input is assumed to be stdin
Model Summary
N = 1000
TFINAL = 500.000000
TIMESTEP = 0.500000
INITIAL_V = 0.000000
ROTATION_FACTOR = 0.000000
DRAG_COEFFICIENT = 0.000000
SCALE = 500.000000
MASS = 200000.000000
G = 0.004490
EXPANSION = 0.000000
INT_METHOD = 1
FORCE_METHOD = 3
TREE_RANGE_COEFFICIENT = 2.000000
NGRID = 32
KSIGMA = 2.000000
KNEAR = 1.000000
DISTRIBUTION = 2
DISTRIBUTION_Z_SCALE = 1.000000
ANISOTROPY = 0.010000
POINTSIZE = 0.020000
SRAD_FAC = 5.000000
SOFT_FAC = 0.000000
MPI_SIZE = 1
FILE_PREFIX = out_pppm
DELAY = 0
SEED = TIME BASED

Wall Time Elapsed =        0 seconds
Time in Force Calculation, root node =        0 seconds
USAGE: galaxsee [filename]
USAGE:     if no filename is entered input is assumed to be stdin
Model Summary
N = 1000
TFINAL = 500.000000
TIMESTEP = 0.500000
INITIAL_V = 0.000000
ROTATION_FACTOR = 0.000000
DRAG_COEFFICIENT = 0.000000
SCALE = 500.000000
MASS = 200000.000000
G = 0.004490
EXPANSION = 0.000000
INT_METHOD = 1
FORCE_METHOD = 3
TREE_RANGE_COEFFICIENT = 2.000000
NGRID = 32
KSIGMA = 2.000000
KNEAR = 1.000000
DISTRIBUTION = 2
DISTRIBUTION_Z_SCALE = 1.000000
ANISOTROPY = 0.010000
POINTSIZE = 0.020000
SRAD_FAC = 5.000000
SOFT_FAC = 0.000000
MPI_SIZE = 1
FILE_PREFIX = out_pppm
DELAY = 0
SEED = TIME BASED

Wall Time Elapsed =        0 seconds
Time in Force Calculation, root node =        0 seconds
USAGE: galaxsee [filename]
USAGE:     if no filename is entered input is assumed to be stdin
Model Summary
N = 1000
TFINAL = 500.000000
TIMESTEP = 0.500000
INITIAL_V = 0.000000
ROTATION_FACTOR = 0.000000
DRAG_COEFFICIENT = 0.000000
SCALE = 500.000000
MASS = 200000.000000
G = 0.004490
EXPANSION = 0.000000
INT_METHOD = 1
FORCE_METHOD = 3
TREE_RANGE_COEFFICIENT = 2.000000
NGRID = 32
KSIGMA = 2.000000
KNEAR = 1.000000
DISTRIBUTION = 2
DISTRIBUTION_Z_SCALE = 1.000000
ANISOTROPY = 0.010000
POINTSIZE = 0.020000
SRAD_FAC = 5.000000
SOFT_FAC = 0.000000
MPI_SIZE = 1
FILE_PREFIX = out_pppm
DELAY = 0
SEED = TIME BASED

Wall Time Elapsed =        0 seconds
Time in Force Calculation, root node =        0 seconds
srun: error: cdr1422: tasks 0-7: Exited with exit code 1
srun: Terminating job step 45564571.0
srun: error: cdr1429: tasks 8-15: Exited with exit code 1

real	0m2.969s
user	0m0.143s
sys	0m0.039s
